866893024406457 ==> 7911 
866893024405038 ==> 7911 
866893024400112 ==> 7911 
866893024401854 ==> 7911 
866893024398258 ==> 7911 
866893024402837 ==> 7911 
866893024401490 ==> 7911 
866893024404239 ==> 7911 
866893024403496 ==> 7911 
866893024398456 ==> 7911 
866893024396757 ==> 7911 
866893024388812 ==> 7911 
866893024393879 ==> 7911 
866893024393978 ==> 7911 
866893024396732 ==> 7911 
866893024387319 ==> 7911 
866893024391857 ==> 7911 
866893024392756 ==> 7911 
866893024393838 ==> 7911 
866893024396435 ==> 7911 
866893024398993 ==> 7911 
866893024398191 ==> 7911 
866893024390974 ==> 7911 
866893024393911 ==> 7911 
866893024391154 ==> 7911 
866893024401151 ==> 7911 
866893024391097 ==> 7911 
866893024404916 ==> 7911 
866893024391519 ==> 7911 
866893024390610 ==> 7911 
866893024405491 ==> 7911 
866893024405855 ==> 7911 
866893024398399 ==> 7911 
866893024405418 ==> 7911 
866893024406739 ==> 7911 
866893024405111 ==> 7911 
866893024405277 ==> 7911 
866893024392574 ==> 7911 
866893024407018 ==> 7911 
866893024400393 ==> 7911 
866893024388671 ==> 7911 
866893024389133 ==> 7911 
866893024389810 ==> 7911 
866893024385917 ==> 7911 
866893024389653 ==> 7911 
866893024389695 ==> 7911 
866893024385396 ==> 7911 
866893024389737 ==> 7911 
866893024389471 ==> 7911 
866893024385636 ==> 7911 
866893024397177 ==> 7911 
866893024406994 ==> 7911 
866893024403819 ==> 7911 
866893024406374 ==> 7911 
866893024404338 ==> 7911 
866893024400013 ==> 7911 
866893024403710 ==> 7911 
866893024402977 ==> 7911 
866893024407554 ==> 7911 
866893024404478 ==> 7911 
866893024404734 ==> 7911 
866893024400799 ==> 7911 
866893024402639 ==> 7911 
866893024402712 ==> 7911 
866893024405194 ==> 7911 
866893024406259 ==> 7911 
866893024400955 ==> 7911 
866893024401599 ==> 7911 
866893024406572 ==> 7911 
866893024405335 ==> 7911 
866893024388853 ==> 7911 
866893024396898 ==> 7911 
866893024389232 ==> 7911 
866893024390438 ==> 7911 
866893024390511 ==> 7911 
866893024392798 ==> 7911 
866893024406093 ==> 7911 
866893024389299 ==> 7911 
866893024387335 ==> 7911 
866893024389174 ==> 7911 
866893024431497 ==> 7911 
866893024433014 ==> 7911 
866893024431935 ==> 7911 
866893024432255 ==> 7911 
866893024430499 ==> 7911 
866893024431059 ==> 7911 
866893024431653 ==> 7911 
866893024433477 ==> 7911 
866893024432891 ==> 7911 
866893024432156 ==> 7911 
866893024413115 ==> 7911 
866893024414097 ==> 7911 
866893024413396 ==> 7911 
866893024413339 ==> 7911 
866893024413172 ==> 7911 
866893024412356 ==> 7911 
866893024412315 ==> 7911 
866893024411937 ==> 7911 
866893024414154 ==> 7911 
866893024413032 ==> 7911 
866893024416134 ==> 7911 
866893024417611 ==> 7911 
866893024423031 ==> 7911 
866893024422173 ==> 7911 
866893024422694 ==> 7911 
866893024421878 ==> 7911 
866893024423510 ==> 7911 
866893024423353 ==> 7911 
866893024417819 ==> 7911 
866893024423676 ==> 7911 
866893024430713 ==> 7911 
866893024431471 ==> 7911 
866893024425754 ==> 7911 
866893024416159 ==> 7911 
866893024435399 ==> 7911 
866893024421076 ==> 7911 
866893024431257 ==> 7911 
866893024432974 ==> 7911 
866893024421613 ==> 7911 
866893024396492 ==> 7911 
866893024442072 ==> 7911 
866893024443971 ==> 7911 
866893024453590 ==> 7911 
866893024445091 ==> 7911 
866893024444219 ==> 7911 
866893024438112 ==> 7911 
866893024443773 ==> 7911 
866893024444516 ==> 7911 
866893024441918 ==> 7911 
866893024434954 ==> 7911 
866893024435258 ==> 7911 
866893024436116 ==> 7911 
866893024435316 ==> 7911 
866893024434517 ==> 7911 
866893024434590 ==> 7911 
866893024435050 ==> 7911 
866893024434251 ==> 7911 
866893024438831 ==> 7911 
866893024435894 ==> 7911 
866893024435639 ==> 7911 
866893024456577 ==> 7911 
866893024441132 ==> 7911 
866893024446990 ==> 7911 
866893024442999 ==> 7911 
866893024455330 ==> 7911 
866893024458177 ==> 7911 
866893024453715 ==> 7911 
866893024454879 ==> 7911 
866893024458250 ==> 7911 
866893024454754 ==> 7911 
866893024440779 ==> 7911 
866893024440936 ==> 7911 
866893024443112 ==> 7911 
866893024441413 ==> 7911 
866893024444177 ==> 7911 
866893024445257 ==> 7911 
866893024444334 ==> 7911 
866893024441678 ==> 7911 
866893024447352 ==> 7911 
866893024448459 ==> 7911 
866893024455496 ==> 7911 
866893024456692 ==> 7911 
866893024440357 ==> 7911 
866893024455371 ==> 7911 
866893024440399 ==> 7911 
866893024456973 ==> 7911 
866893024441256 ==> 7911 
866893024455991 ==> 7911 
866893024458631 ==> 7911 
866893024456338 ==> 7911 
866893024487333 ==> 7911 
866893024484959 ==> 7911 
866893024488950 ==> 7911 
866893024488331 ==> 7911 
866893024485030 ==> 7911 
866893024486616 ==> 7911 
866893024489214 ==> 7911 
866893024487937 ==> 7911 
866893024483811 ==> 7911 
866893024485170 ==> 7911 
866893024490477 ==> 7911 
866893024485576 ==> 7911 
866893024485014 ==> 7911 
866893024482078 ==> 7911 
866893024484454 ==> 7911 
866893024484777 ==> 7911 
866893024481633 ==> 7911 
866893024481716 ==> 7911 
866893024485659 ==> 7911 
866893024482698 ==> 7911 
866893024482318 ==> 7911 
866893024484553 ==> 7911 
866893024492150 ==> 7911 
866893024481419 ==> 7911 
866893024489115 ==> 7911 
866893024487093 ==> 7911 
866893024483076 ==> 7911 
866893024483993 ==> 7911 
866893024482458 ==> 7911 
866893024486954 ==> 7911 
866893024488653 ==> 7911 
866893024491376 ==> 7911 
866893024479231 ==> 7911 
866893024485618 ==> 7911 
866893024491616 ==> 7911 
866893024476773 ==> 7911 
866893024486913 ==> 7911 
866893024487051 ==> 7911 
866893024480817 ==> 7911 
866893024459555 ==> 7911 
866893024479355 ==> 7911 
866893024482334 ==> 7911 
866893024481757 ==> 7911 
866893024480296 ==> 7911 
866893024483514 ==> 7911 
866893024471030 ==> 7911 
866893024478951 ==> 7911 
866893024491772 ==> 7911 
866893024482953 ==> 7911 
866893024479793 ==> 7911 
866893024475536 ==> 7911 
866893024470552 ==> 7911 
866893024479272 ==> 7911 
866893024479736 ==> 7911 
866893024483290 ==> 7911 
866893024483191 ==> 7911 
866893024480411 ==> 7911 
866893024481278 ==> 7911 
866893024475338 ==> 7911 
866893024482557 ==> 7911 
866893024487515 ==> 7911 
866893024486418 ==> 7911 
866893024488513 ==> 7911 
866893024483951 ==> 7911 
866893024485972 ==> 7911 
866893024486053 ==> 7911 
866893024487614 ==> 7911 
866893024486236 ==> 7911 
866893024480734 ==> 7911 
866893024483654 ==> 7911 
866893024488992 ==> 7911 
866893024485816 ==> 7911 
866893024487796 ==> 7911 
866893024483878 ==> 7911 
866893024487416 ==> 7911 
866893024488877 ==> 7911 
866893024485238 ==> 7911 
866893024484538 ==> 7911 
866893024488711 ==> 7911 
866893024488117 ==> 7911 
866893024489172 ==> 7911 
866893024490535 ==> 7911 
866893024487259 ==> 7911 
866893024489719 ==> 7911 
866893024491434 ==> 7911 
866893024491178 ==> 7911 
866893024489776 ==> 7911 
866893024480833 ==> 7911 
866893024488091 ==> 7911 
866893024490956 ==> 7911 
866893024490717 ==> 7911 
866893024489370 ==> 7911 
866893024492432 ==> 7911 
866893024492010 ==> 7911 
866893024477516 ==> 7911 
866893024492218 ==> 7911 
866893024486814 ==> 7911 
866893024493174 ==> 7911 
866893024478811 ==> 7911 
866893024488273 ==> 7911 
866893024464316 ==> 7911 
866893024483936 ==> 7911 
866893024486558 ==> 7911 
866893024474034 ==> 7911 
866893024475775 ==> 7911 
866893024484975 ==> 7911 
866893024473978 ==> 7911 
866893024475239 ==> 7911 
866893024485071 ==> 7911 
866893024467590 ==> 7911 
866893024475692 ==> 7911 
866893024475031 ==> 7911 
866893024472137 ==> 7911 
866893024483795 ==> 7911 
866893024486756 ==> 7911 
866893024474778 ==> 7911 
866893024474950 ==> 7911 
866893024474679 ==> 7911 
866893024474497 ==> 7911 
866893024470875 ==> 7911 
866893024482938 ==> 7911 
866893024482714 ==> 7911 
866893024468390 ==> 7911 
866893024483670 ==> 7911 
866893024480676 ==> 7911 
866893024482250 ==> 7911 
866893024483175 ==> 7911 
866893024483316 ==> 7911 
866893024484173 ==> 7911 
866893024482573 ==> 7911 
866893024471691 ==> 7911 
866893024473010 ==> 7911 
866893024473358 ==> 7911 
866893024479298 ==> 7911 
866893024473754 ==> 7911 
866893024472798 ==> 7911 
866893024469992 ==> 7911 
866893024473150 ==> 7911 
866893024467012 ==> 7911 
866893024473655 ==> 7911 
866893024480593 ==> 7911 
866893024468739 ==> 7911 
866893024480338 ==> 7911 
866893024472038 ==> 7911 
866893024468895 ==> 7911 
866893024471451 ==> 7911 
866893024479934 ==> 7911 
866893024472335 ==> 7911 
866893024472210 ==> 7911 
866893024466915 ==> 7911 
866893024475932 ==> 7911 
866893024476617 ==> 7911 
866893024475791 ==> 7911 
866893024475874 ==> 7911 
866893024476997 ==> 7911 
866893024476153 ==> 7911 
866893024476658 ==> 7911 
866893024476757 ==> 7911 
866893024475916 ==> 7911 
866893024484272 ==> 7911 
866893024476252 ==> 7911 
866893024473598 ==> 7911 
866893024478977 ==> 7911 
866893024473234 ==> 7911 
866893024472897 ==> 7911 
866893024475015 ==> 7911 
866893024475817 ==> 7911 
866893024475973 ==> 7911 
866893024473952 ==> 7911 
866893024475452 ==> 7911 
866893024478191 ==> 7911 
866893024474174 ==> 7911 
866893024472434 ==> 7911 
866893024475114 ==> 7911 
866893024476351 ==> 7911 
866893024475395 ==> 7911 
866893024476955 ==> 7911 
866893024472574 ==> 7911 
866893024475957 ==> 7911 
866893024475551 ==> 7911 
866893024470057 ==> 7911 
866893024464837 ==> 7911 
866893024469091 ==> 7911 
866893024470511 ==> 7911 
866893024470610 ==> 7911 
866893024468515 ==> 7911 
866893024468812 ==> 7911 
866893024467897 ==> 7911 
866893024469570 ==> 7911 
866893024466394 ==> 7911 
866893024473853 ==> 7911 
866893024472772 ==> 7911 
866893024464456 ==> 7911 
866893024472590 ==> 7911 
866893024473432 ==> 7911 
866893024473291 ==> 7911 
866893024467715 ==> 7911 
866893024479678 ==> 7911 
866893024471279 ==> 7911 
866893024473671 ==> 7911 
866893024462054 ==> 7911 
866893024464258 ==> 7911 
866893024464175 ==> 7911 
866893024453699 ==> 7911 
866893024459191 ==> 7911 
866893024473713 ==> 7911 
866893024473374 ==> 7911 
866893024467178 ==> 7911 
866893024461098 ==> 7911 
866893024464514 ==> 7911 
866893024467491 ==> 7911 
866893024469919 ==> 7911 
866893024458979 ==> 7911 
866893024467277 ==> 7911 
866893024459993 ==> 7911 
866893024468218 ==> 7911 
866893024465396 ==> 7911 
866893024465750 ==> 7911 
866893024470172 ==> 7911 
866893024468317 ==> 7911 
866893024467376 ==> 7911 
866893024455710 ==> 7911 
866893024471972 ==> 7911 
866893024456098 ==> 7911 
866893024447816 ==> 7911 
866893024469471 ==> 7911 
866893024467194 ==> 7911 
866893024463276 ==> 7911 
866893024476435 ==> 7911 
866893024468093 ==> 7911 
866893024462153 ==> 7911 
866893024466055 ==> 7911 
866893024461817 ==> 7911 
866893024461973 ==> 7911 
866893024456957 ==> 7911 
866893024462237 ==> 7911 
866893024461197 ==> 7911 
866893024460496 ==> 7911 
866893024464092 ==> 7911 
866893024481799 ==> 7911 
866893024461379 ==> 7911 
866893024459076 ==> 7911 
866893024463953 ==> 7911 
866893024475858 ==> 7911 
866893024461890 ==> 7911 
866893024463151 ==> 7911 
866893024476534 ==> 7911 
866893024460272 ==> 7911 
866893024476476 ==> 7911 
866893024460694 ==> 7911 
866893024475072 ==> 7911 
866893024461759 ==> 7911 
866893024462518 ==> 7911 
866893024461577 ==> 7911 
866893024461635 ==> 7911 
866893024462435 ==> 7911 
866893024461692 ==> 7911 
866893024462591 ==> 7911 
866893024461510 ==> 7911 
866893024468010 ==> 7911 
866893024482474 ==> 7911 
866893024483092 ==> 7911 
866893024481690 ==> 7911 
866893024481252 ==> 7911 
866893024481195 ==> 7911 
866893024471196 ==> 7911 
866893024480130 ==> 7911 
866893024480932 ==> 7911 
866893024481336 ==> 7911 
866893024481575 ==> 7911 
866893024482177 ==> 7911 
866893024467871 ==> 7911 
866893024469893 ==> 7911 
866893024482359 ==> 7911 
866893024464654 ==> 7911 
866893024484397 ==> 7911 
866893024481492 ==> 7911 
866893024481872 ==> 7911 
866893024466931 ==> 7911 
866893024456874 ==> 7911 
866893024466857 ==> 7911 
866893024467756 ==> 7911 
866893024469851 ==> 7911 
866893024463375 ==> 7911 
866893024463813 ==> 7911 
866893024467418 ==> 7911 
866893024462096 ==> 7911 
866893024459357 ==> 7911 
866893024459894 ==> 7911 
866893024460157 ==> 7911 
866893024464415 ==> 7911 
866893024463490 ==> 7911 
866893024470370 ==> 7911 
866893024469711 ==> 7911 
866893024467475 ==> 7911 
866893024465297 ==> 7911 
866893024463078 ==> 7911 
866893024469950 ==> 7911 
866893024465198 ==> 7911 
866893024465354 ==> 7911 
866893024477052 ==> 7911 
866893024468119 ==> 7911 
866893024467558 ==> 7911 
866893024471535 ==> 7911 
866893024465859 ==> 7911 
866893024476799 ==> 7911 
866893024477292 ==> 7911 
866893024466774 ==> 7911 
866893024471170 ==> 7911 
866893024466477 ==> 7911 
866893024381437 ==> 7912 
866893024381338 ==> 7912 
866893024381296 ==> 7912 
866893024382096 ==> 7912 
866893024381692 ==> 7912 
866893024381817 ==> 7912 
866893024381395 ==> 7912 
866893024382039 ==> 7912 
866893024382211 ==> 7912 
866893024381379 ==> 7912 
866893024413610 ==> 7912 
866893024418452 ==> 7912 
866893024413511 ==> 7912 
866893024387731 ==> 7912 
866893024414675 ==> 7912 
866893024421597 ==> 7912 
866893024414477 ==> 7912 
866893024418759 ==> 7912 
866893024418817 ==> 7912 
866893024414519 ==> 7912 
866893024423478 ==> 7912 
866893024409972 ==> 7912 
866893024407216 ==> 7912 
866893024413677 ==> 7912 
866893024423833 ==> 7912 
866893024417330 ==> 7912 
866893024417272 ==> 7912 
866893024415771 ==> 7912 
866893024403918 ==> 7912 
866893024402415 ==> 7912 
866893024419658 ==> 7912 
866893024421159 ==> 7912 
866893024421191 ==> 7912 
866893024421290 ==> 7912 
866893024420219 ==> 7912 
866893024419237 ==> 7912 
866893024419732 ==> 7912 
866893024420151 ==> 7912 
866893024420037 ==> 7912 
866893024420896 ==> 7912 
866893024414691 ==> 7912 
866893024415870 ==> 7912 
866893024414816 ==> 7912 
866893024414832 ==> 7912 
866893024415292 ==> 7912 
866893024414014 ==> 7912 
866893024414451 ==> 7912 
866893024414576 ==> 7912 
866893024413750 ==> 7912 
866893024414774 ==> 7912 
866893024414659 ==> 7912 
866893024415730 ==> 7912 
866893024415656 ==> 7912 
866893024414972 ==> 7912 
866893024417652 ==> 7912 
866893024414352 ==> 7912 
866893024413370 ==> 7912 
866893024414535 ==> 7912 
866893024417934 ==> 7912 
866893024415334 ==> 7912 
866893024417413 ==> 7912 
866893024417793 ==> 7912 
866893024417074 ==> 7912 
866893024417579 ==> 7912 
866893024416977 ==> 7912 
866893024417173 ==> 7912 
866893024417231 ==> 7912 
866893024416357 ==> 7912 
866893024417116 ==> 7912 
866893024413495 ==> 7912 
866893024416431 ==> 7912 
866893024412612 ==> 7912 
866893024416290 ==> 7912 
866893024414733 ==> 7912 
866893024415979 ==> 7912 
866893024415615 ==> 7912 
866893024412737 ==> 7912 
866893024415557 ==> 7912 
866893024412331 ==> 7912 
866893024415938 ==> 7912 
866893024446354 ==> 7912 
866893024449192 ==> 7912 
866893024448657 ==> 7912 
866893024447535 ==> 7912 
866893024445638 ==> 7912 
866893024437478 ==> 7912 
866893024436918 ==> 7912 
866893024441173 ==> 7912 
866893024447998 ==> 7912 
866893024449770 ==> 7912 
866893024429772 ==> 7912 
866893024411614 ==> 7912 
866893024430010 ==> 7912 
866893024430317 ==> 7912 
866893024426612 ==> 7912 
866893024431075 ==> 7912 
866893024430333 ==> 7912 
866893024429475 ==> 7912 
866893024429715 ==> 7912 
866893024432057 ==> 7912 
866893024397417 ==> 7913 
866893024407737 ==> 7913 
866893024396872 ==> 7913 
866893024396773 ==> 7913 
866893024397011 ==> 7913 
866893024397110 ==> 7913 
866893024397359 ==> 7913 
866893024398076 ==> 7913 
866893024397037 ==> 7913 
866893024398332 ==> 7913 
866893024385651 ==> 7913 
866893024384670 ==> 7913 
866893024386238 ==> 7913 
866893024386337 ==> 7913 
866893024385776 ==> 7913 
866893024386030 ==> 7913 
866893024385537 ==> 7913 
866893024388978 ==> 7913 
866893024390750 ==> 7913 
866893024385818 ==> 7913 
866893024393275 ==> 7913 
866893024409733 ==> 7913 
866893024392657 ==> 7913 
866893024408875 ==> 7913 
866893024393051 ==> 7913 
866893024392731 ==> 7913 
866893024408636 ==> 7913 
866893024408917 ==> 7913 
866893024408990 ==> 7913 
866893024409774 ==> 7913 
866893024409816 ==> 7913 
866893024408339 ==> 7913 
866893024408537 ==> 7913 
866893024407877 ==> 7913 
866893024409592 ==> 7913 
866893024409535 ==> 7913 
866893024409451 ==> 7913 
866893024408354 ==> 7913 
866893024409295 ==> 7913 
866893024404395 ==> 7913 
866893024407133 ==> 7913 
866893024407836 ==> 7913 
866893024406531 ==> 7913 
866893024404973 ==> 7913 
866893024405939 ==> 7913 
866893024403579 ==> 7913 
866893024407232 ==> 7913 
866893024403058 ==> 7913 
866893024403991 ==> 7913 
866893024401953 ==> 7913 
866893024385313 ==> 7913 
866893024386675 ==> 7913 
866893024386071 ==> 7913 
866893024385198 ==> 7913 
866893024385958 ==> 7913 
866893024386394 ==> 7913 
866893024384852 ==> 7913 
866893024388093 ==> 7913 
866893024386915 ==> 7913 
866893024384936 ==> 7913 
866893024389059 ==> 7913 
866893024397995 ==> 7913 
866893024397276 ==> 7913 
866893024384431 ==> 7913 
866893024407372 ==> 7913 
866893024384373 ==> 7913 
866893024391659 ==> 7913 
866893024396971 ==> 7913 
866893024391618 ==> 7913 
866893024384571 ==> 7913 
866893024384753 ==> 7913 
866893024388390 ==> 7913 
866893024387517 ==> 7913 
866893024388317 ==> 7913 
866893024388036 ==> 7913 
866893024387939 ==> 7913 
866893024386352 ==> 7913 
866893024388515 ==> 7913 
866893024387814 ==> 7913 
866893024388796 ==> 7913 
866893024434657 ==> 7913 
866893024447519 ==> 7913 
866893024439219 ==> 7913 
866893024441777 ==> 7913 
866893024446396 ==> 7913 
866893024447071 ==> 7913 
866893024439011 ==> 7913 
866893024444094 ==> 7913 
866893024447253 ==> 7913 
866893024445836 ==> 7913 
866893024434731 ==> 7913 
866893024448970 ==> 7913 
866893024435597 ==> 7913 
866893024435092 ==> 7913 
866893024434855 ==> 7913 
866893024434038 ==> 7913 
866893024434293 ==> 7913 
866893024435134 ==> 7913 
866893024441355 ==> 7913 
866893024435357 ==> 7913 
866893024436355 ==> 7913 
866893024435670 ==> 7913 
866893024437510 ==> 7913 
866893024437072 ==> 7913 
866893024437270 ==> 7913 
866893024436199 ==> 7913 
866893024442437 ==> 7913 
866893024438930 ==> 7913 
866893024437551 ==> 7913 
866893024437338 ==> 7913 
866893024453277 ==> 7913 
866893024442874 ==> 7913 
866893024439177 ==> 7913 
866893024448152 ==> 7913 
866893024442932 ==> 7913 
866893024440613 ==> 7913 
866893024444839 ==> 7913 
866893024440852 ==> 7913 
866893024441736 ==> 7913 
866893024453194 ==> 7913 
866893024464696 ==> 7913 
866893024463995 ==> 7913 
866893024464118 ==> 7913 
866893024461312 ==> 7913 
866893024463292 ==> 7913 
866893024464050 ==> 7913 
866893024464712 ==> 7913 
866893024460835 ==> 7913 
866893024460975 ==> 7913 
866893024462971 ==> 7913 
866893024464530 ==> 7913 
866893024461171 ==> 7913 
866893024463896 ==> 7913 
866893024439599 ==> 7913 
866893024461791 ==> 7913 
866893024463730 ==> 7913 
866893024464597 ==> 7913 
866893024463433 ==> 7913 
866893024454630 ==> 7913 
866893024455454 ==> 7913 
866893024377112 ==> 7914 
866893024377617 ==> 7914 
866893024377450 ==> 7914 
866893024377476 ==> 7914 
866893024376577 ==> 7914 
866893024377518 ==> 7914 
866893024377138 ==> 7914 
866893024377013 ==> 7914 
866893024376999 ==> 7914 
866893024377096 ==> 7914 
866893024376056 ==> 7914 
866893024378698 ==> 7914 
866893024378474 ==> 7914 
866893024376098 ==> 7914 
866893024377716 ==> 7914 
866893024379076 ==> 7914 
866893024379134 ==> 7914 
866893024378797 ==> 7914 
866893024378771 ==> 7914 
866893024378870 ==> 7914 
866893024411739 ==> 7914 
866893024411994 ==> 7914 
866893024413792 ==> 7914 
866893024412653 ==> 7914 
866893024397136 ==> 7914 
866893024411093 ==> 7914 
866893024413412 ==> 7914 
866893024418155 ==> 7914 
866893024411291 ==> 7914 
866893024413958 ==> 7914 
358916026013172 ==> 7915 
358916026013438 ==> 7915 
358916026013750 ==> 7915 
358916026012273 ==> 7915 
358916026013271 ==> 7915 
358916026012158 ==> 7915 
358916026013578 ==> 7915 
358916026013552 ==> 7915 
358916026014014 ==> 7915 
358916026012695 ==> 7915 
358916025989711 ==> 7915 
358916025992236 ==> 7915 
358916025990453 ==> 7915 
358916025993556 ==> 7915 
358916025992897 ==> 7915 
358916025992657 ==> 7915 
358916025993093 ==> 7915 
358916025991170 ==> 7915 
358916025989596 ==> 7915 
358916025991030 ==> 7915 
358916025993119 ==> 7915 
358916025993259 ==> 7915 
358916025993150 ==> 7915 
358916025991311 ==> 7915 
358916025992772 ==> 7915 
358916025993499 ==> 7915 
358916025993176 ==> 7915 
358916025990032 ==> 7915 
358916025992715 ==> 7915 
358916025993077 ==> 7915 
358916026004270 ==> 7915 
358916026002316 ==> 7915 
358916026002712 ==> 7915 
358916026002738 ==> 7915 
358916026002118 ==> 7915 
358916026002035 ==> 7915 
358916026003470 ==> 7915 
358916026002779 ==> 7915 
358916026002233 ==> 7915 
358916026001995 ==> 7915 
358916026004791 ==> 7915 
358916026005038 ==> 7915 
358916026002852 ==> 7915 
358916026004759 ==> 7915 
358916026003439 ==> 7915 
358916026003272 ==> 7915 
358916026003959 ==> 7915 
358916026004999 ==> 7915 
358916026004916 ==> 7915 
358916026004775 ==> 7915 
358916026005996 ==> 7915 
358916026004874 ==> 7915 
358916026004833 ==> 7915 
358916026002654 ==> 7915 
358916026004817 ==> 7915 
358916026006077 ==> 7915 
358916026005954 ==> 7915 
358916026005731 ==> 7915 
358916026005798 ==> 7915 
358916026005152 ==> 7915 
358916026004114 ==> 7915 
358916026003819 ==> 7915 
358916026002456 ==> 7915 
358916026004155 ==> 7915 
358916026003330 ==> 7915 
358916026003991 ==> 7915 
358916026003256 ==> 7915 
358916026002597 ==> 7915 
358916026004015 ==> 7915 
358916026004254 ==> 7915 
358916026005376 ==> 7915 
358916026005491 ==> 7915 
358916026003694 ==> 7915 
358916026005574 ==> 7915 
358916026003793 ==> 7915 
358916026003678 ==> 7915 
358916026005335 ==> 7915 
358916026003512 ==> 7915 
358916026005632 ==> 7915 
358916026005434 ==> 7915 
358916025991774 ==> 7915 
358916025990438 ==> 7915 
358916025990677 ==> 7915 
358916025990693 ==> 7915 
358916025989810 ==> 7915 
358916025990834 ==> 7915 
358916025990651 ==> 7915 
358916025989950 ==> 7915 
358916025990412 ==> 7915 
358916025991352 ==> 7915 
358916025990073 ==> 7915 
358916025990297 ==> 7915 
358916025989778 ==> 7915 
358916025989737 ==> 7915 
358916025990230 ==> 7915 
358916025990131 ==> 7915 
358916025989919 ==> 7915 
358916025990958 ==> 7915 
358916025990115 ==> 7915 
358916025989679 ==> 7915 
865966028800692 ==> 7916 
865966028799852 ==> 7916 
865966028800072 ==> 7916 
865966028799431 ==> 7916 
865966028800395 ==> 7916 
865966028800353 ==> 7916 
865966028800098 ==> 7916 
865966028800379 ==> 7916 
865966028800312 ==> 7916 
865966028799332 ==> 7916 
865966028799712 ==> 7916 
865966028798771 ==> 7916 
865966028799134 ==> 7916 
865966028799373 ==> 7916 
865966028799910 ==> 7916 
865966028799696 ==> 7916 
865966028799258 ==> 7916 
865966028799753 ==> 7916 
865966028800270 ==> 7916 
865966028800494 ==> 7916 
865966028798672 ==> 7916 
865966028798797 ==> 7916 
865966028799035 ==> 7916 
865966028798599 ==> 7916 
865966028798698 ==> 7916 
865966028798532 ==> 7916 
865966028798656 ==> 7916 
865966028798813 ==> 7916 
865966028798854 ==> 7916 
865966028798573 ==> 7916 
865966028801013 ==> 7916 
865966028800155 ==> 7916 
865966028800478 ==> 7916 
865966028799654 ==> 7916 
865966028798474 ==> 7916 
865966028800999 ==> 7916 
865966028800130 ==> 7916 
865966028800916 ==> 7916 
865966028800734 ==> 7916 
865966028800296 ==> 7916 
865966028800015 ==> 7916 
865966028793574 ==> 7916 
865966028800031 ==> 7916 
865966028800833 ==> 7916 
865966028793277 ==> 7916 
865966028800239 ==> 7916 
865966028794978 ==> 7916 
865966028799050 ==> 7916 
865966028792196 ==> 7916 
865966028800973 ==> 7916 
865966028792352 ==> 7916 
865966028792972 ==> 7916 
865966028798391 ==> 7916 
865966028798276 ==> 7916 
865966028798151 ==> 7916 
865966028798615 ==> 7916 
865966028792998 ==> 7916 
865966028792816 ==> 7916 
865966028792774 ==> 7916 
865966028792378 ==> 7916 
865966028800650 ==> 7916 
865966028800593 ==> 7916 
865966028800619 ==> 7916 
865966028799977 ==> 7916 
865966028800171 ==> 7916 
865966028800890 ==> 7916 
865966028800775 ==> 7916 
865966028798839 ==> 7916 
865966028800635 ==> 7916 
865966028800452 ==> 7916 
865966028791511 ==> 7916 
865966028798318 ==> 7916 
865966028792956 ==> 7916 
865966028792295 ==> 7916 
865966028791719 ==> 7916 
865966028792758 ==> 7916 
865966028792618 ==> 7916 
865966028792139 ==> 7916 
865966028792436 ==> 7916 
865966028791776 ==> 7916 
865966028794275 ==> 7916 
865966028831812 ==> 7916 
865966028796197 ==> 7916 
865966028794655 ==> 7916 
865966028798359 ==> 7916 
865966028793194 ==> 7916 
865966028794036 ==> 7916 
865966028795553 ==> 7916 
865966028830012 ==> 7916 
865966028829915 ==> 7916 
865966028792915 ==> 7916 
865966028795397 ==> 7916 
865966028799233 ==> 7916 
865966028799530 ==> 7916 
865966028800197 ==> 7916 
865966028827273 ==> 7916 
865966028793210 ==> 7916 
865966028792550 ==> 7916 
865966028799290 ==> 7916 
865966028799191 ==> 7916 
865966028828412 ==> 7917 
865966028821078 ==> 7917 
865966028820179 ==> 7917 
865966028819155 ==> 7917 
865966028822712 ==> 7917 
865966028819874 ==> 7917 
865966028820658 ==> 7917 
865966028820450 ==> 7917 
865966028829410 ==> 7917 
865966028819056 ==> 7917 
865966028825731 ==> 7917 
865966028825210 ==> 7917 
865966028823777 ==> 7917 
865966028822357 ==> 7917 
865966028825616 ==> 7917 
865966028822019 ==> 7917 
865966028825418 ==> 7917 
865966028831838 ==> 7917 
865966028826556 ==> 7917 
865966028831713 ==> 7917 
865966028826937 ==> 7917 
865966028824098 ==> 7917 
865966028824395 ==> 7917 
865966028825053 ==> 7917 
865966028826432 ==> 7917 
865966028826259 ==> 7917 
865966028822951 ==> 7917 
865966028821672 ==> 7917 
865966028828578 ==> 7917 
865966028831853 ==> 7917 
865966028823991 ==> 7917 
865966028824130 ==> 7917 
865966028822456 ==> 7917 
865966028822316 ==> 7917 
865966028823652 ==> 7917 
865966028824197 ==> 7917 
865966028819858 ==> 7917 
865966028822134 ==> 7917 
865966028823058 ==> 7917 
865966028822811 ==> 7917 
865966028814214 ==> 7917 
865966028828537 ==> 7917 
865966028828990 ==> 7917 
865966028831036 ==> 7917 
865966028816052 ==> 7917 
865966028814610 ==> 7917 
865966028815757 ==> 7917 
865966028823934 ==> 7917 
865966028814917 ==> 7917 
865966028831499 ==> 7917 
358916025989794 ==> 7918 
358916025990339 ==> 7918 
358916025990313 ==> 7918 
358916025992111 ==> 7918 
358916025989992 ==> 7918 
358916025993598 ==> 7918 
358916025993572 ==> 7918 
358916025990271 ==> 7918 
358916025993317 ==> 7918 
358916025993036 ==> 7918 
358916025991592 ==> 7918 
358916025992590 ==> 7918 
358916025989653 ==> 7918 
358916025992830 ==> 7918 
358916025992871 ==> 7918 
358916025991931 ==> 7918 
358916025992673 ==> 7918 
358916025992798 ==> 7918 
358916025992855 ==> 7918 
358916025992954 ==> 7918 
358916025992459 ==> 7918 
358916025992038 ==> 7918 
358916025992699 ==> 7918 
358916025992731 ==> 7918 
358916025992293 ==> 7918 
358916025992392 ==> 7918 
358916025992350 ==> 7918 
358916025992814 ==> 7918 
358916025992996 ==> 7918 
358916025992756 ==> 7918 
358916025991279 ==> 7918 
358916025989612 ==> 7918 
358916025991519 ==> 7918 
358916025991477 ==> 7918 
358916025991154 ==> 7918 
358916025991493 ==> 7918 
358916025991550 ==> 7918 
358916025992251 ==> 7918 
358916025991337 ==> 7918 
358916025991451 ==> 7918 
358916026004338 ==> 7918 
358916026002613 ==> 7918 
358916026002514 ==> 7918 
358916026004312 ==> 7918 
358916026002530 ==> 7918 
358916026003371 ==> 7918 
358916026003397 ==> 7918 
358916026005871 ==> 7918 
358916026002696 ==> 7918 
358916026002019 ==> 7918 
358916026004718 ==> 7918 
358916026002639 ==> 7918 
358916026003132 ==> 7918 
358916026002274 ==> 7918 
358916026004551 ==> 7918 
358916026005939 ==> 7918 
358916026004692 ==> 7918 
358916026002977 ==> 7918 
358916026003199 ==> 7918 
358916026004452 ==> 7918 
358916026002258 ==> 7918 
358916026003579 ==> 7918 
358916026002555 ==> 7918 
358916026003314 ==> 7918 
358916026002571 ==> 7918 
358916026003553 ==> 7918 
358916026002076 ==> 7918 
358916026003652 ==> 7918 
358916026002134 ==> 7918 
358916026002472 ==> 7918 
358916026006358 ==> 7918 
358916026004858 ==> 7918 
358916026005178 ==> 7918 
358916026005277 ==> 7918 
358916026004973 ==> 7918 
358916026004957 ==> 7918 
358916026005970 ==> 7918 
358916026005194 ==> 7918 
358916026005137 ==> 7918 
358916026005350 ==> 7918 
358916026007430 ==> 7918 
358916026005079 ==> 7918 
358916026004635 ==> 7918 
358916026005251 ==> 7918 
358916026005012 ==> 7918 
358916026005236 ==> 7918 
358916026002936 ==> 7918 
358916026004650 ==> 7918 
358916026004932 ==> 7918 
358916026005293 ==> 7918 
358916026004379 ==> 7918 
358916026002951 ==> 7918 
358916026002894 ==> 7918 
358916026005897 ==> 7918 
358916026002431 ==> 7918 
358916026003215 ==> 7918 
358916026003496 ==> 7918 
358916026002878 ==> 7918 
358916026004353 ==> 7918 
358916026002795 ==> 7918 
358916026005756 ==> 7918 
358916026005673 ==> 7918 
358916026005830 ==> 7918 
358916026005590 ==> 7918 
358916026005459 ==> 7918 
358916026005616 ==> 7918 
358916026005715 ==> 7918 
358916026006010 ==> 7918 
358916026006051 ==> 7918 
358916026003918 ==> 7918 
358916026005210 ==> 7918 
358916026005855 ==> 7918 
358916026005533 ==> 7918 
358916026001979 ==> 7918 
358916026002175 ==> 7918 
358916026006093 ==> 7918 
358916026005657 ==> 7918 
358916026002415 ==> 7918 
358916026005772 ==> 7918 
358916026006036 ==> 7918 
358916025990891 ==> 7918 
358916025991139 ==> 7918 
358916026005558 ==> 7918 
358916025990610 ==> 7918 
358916025990495 ==> 7918 
358916026002993 ==> 7918 
358916026003058 ==> 7918 
358916025990792 ==> 7918 
358916026004577 ==> 7918 
358916026004130 ==> 7918 
358916026002217 ==> 7918 
358916026005913 ==> 7918 
358916026004098 ==> 7918 
358916026003074 ==> 7918 
358916026004171 ==> 7918 
358916026003876 ==> 7918 
358916026003835 ==> 7918 
358916026002050 ==> 7918 
358916026003934 ==> 7918 
358916026002373 ==> 7918 
358916026003736 ==> 7918 
358916026003173 ==> 7918 
358916026003637 ==> 7918 
358916026003710 ==> 7918 
358916026002910 ==> 7918 
358916026003413 ==> 7918 
358916026003538 ==> 7918 
358916026004031 ==> 7918 
358916026003850 ==> 7918 
358916026003355 ==> 7918 
358916026004056 ==> 7918 
358916026004072 ==> 7918 
358916026004213 ==> 7918 
358916026003298 ==> 7918 
358916026002811 ==> 7918 
358916026003017 ==> 7918 
358916026003975 ==> 7918 
358916026002290 ==> 7918 
358916026003892 ==> 7918 
358916026003116 ==> 7918 
358916025991212 ==> 7918 
358916025992079 ==> 7918 
358916025991436 ==> 7918 
358916025991618 ==> 7918 
358916025991691 ==> 7918 
358916025991576 ==> 7918 
358916025991659 ==> 7918 
358916025991857 ==> 7918 
358916025992335 ==> 7918 
358916025990354 ==> 7918 
358916025990594 ==> 7918 
358916025990578 ==> 7918 
358916025990479 ==> 7918 
358916025990917 ==> 7918 
358916025990552 ==> 7918 
358916025990735 ==> 7918 
358916025990370 ==> 7918 
358916026005111 ==> 7918 
358916025989836 ==> 7918 
358916025990511 ==> 7918 
358916025992376 ==> 7918 
358916025992558 ==> 7918 
358916025993051 ==> 7918 
358916025993416 ==> 7918 
358916025992939 ==> 7918 
358916025992491 ==> 7918 
358916025992418 ==> 7918 
358916025992574 ==> 7918 
358916025993473 ==> 7918 
358916025993010 ==> 7918 
358916025993457 ==> 7918 
358916025990750 ==> 7918 
358916025990933 ==> 7918 
358916025993432 ==> 7918 
358916025990156 ==> 7918 
358916025990537 ==> 7918 
358916025993291 ==> 7918 
358916025992475 ==> 7918 
358916025989752 ==> 7918 
358916025990016 ==> 7918 
358916026041991 ==> 7919 
358916026040498 ==> 7919 
358916026044193 ==> 7919 
358916026035159 ==> 7919 
358916026043930 ==> 7919 
358916026040555 ==> 7919 
358916026044474 ==> 7919 
358916026044417 ==> 7919 
358916026041033 ==> 7919 
358916026041090 ==> 7919 
358916026041777 ==> 7919 
358916026042114 ==> 7919 
358916026042031 ==> 7919 
358916026042072 ==> 7919 
358916026041538 ==> 7919 
358916026036298 ==> 7919 
358916026036157 ==> 7919 
358916026036199 ==> 7919 
358916026042593 ==> 7919 
358916026041553 ==> 7919 
358916026040019 ==> 7919 
358916026040233 ==> 7919 
358916026039896 ==> 7919 
358916026039839 ==> 7919 
358916026040175 ==> 7919 
358916026040159 ==> 7919 
358916026040035 ==> 7919 
358916026039516 ==> 7919 
358916026039334 ==> 7919 
358916026040316 ==> 7919 
358916026037296 ==> 7919 
358916026037437 ==> 7919 
358916026037536 ==> 7919 
358916026037452 ==> 7919 
358916026037734 ==> 7919 
358916026037197 ==> 7919 
358916026037510 ==> 7919 
358916026037718 ==> 7919 
358916026037494 ==> 7919 
358916026037676 ==> 7919 
358916026041595 ==> 7919 
358916026041694 ==> 7919 
358916026041314 ==> 7919 
358916026041496 ==> 7919 
358916026041611 ==> 7919 
358916026041710 ==> 7919 
358916026041371 ==> 7919 
358916026042957 ==> 7919 
358916026041355 ==> 7919 
358916026041413 ==> 7919 
358916026042296 ==> 7919 
358916026044052 ==> 7919 
358916026044276 ==> 7919 
358916026041512 ==> 7919 
358916026044037 ==> 7919 
358916026036371 ==> 7919 
358916026034871 ==> 7919 
358916026044177 ==> 7919 
358916026041678 ==> 7919 
358916026044334 ==> 7919 
358916026029293 ==> 7919 
358916026029434 ==> 7919 
358916026029335 ==> 7919 
358916026028691 ==> 7919 
358916026032198 ==> 7919 
358916026032172 ==> 7919 
358916026030119 ==> 7919 
358916026032016 ==> 7919 
358916026028071 ==> 7919 
358916026030135 ==> 7919 
358916026028816 ==> 7919 
358916026028675 ==> 7919 
358916026028857 ==> 7919 
358916026029194 ==> 7919 
358916026032032 ==> 7919 
358916026028972 ==> 7919 
358916026029814 ==> 7919 
358916026028774 ==> 7919 
358916026028899 ==> 7919 
358916026029038 ==> 7919 
358916026031992 ==> 7919 
358916026030713 ==> 7919 
358916026031232 ==> 7919 
358916026029178 ==> 7919 
358916026030531 ==> 7919 
358916026031158 ==> 7919 
358916026031711 ==> 7919 
358916026031810 ==> 7919 
358916026031356 ==> 7919 
358916026031315 ==> 7919 
358916026031372 ==> 7919 
358916026032677 ==> 7919 
358916026032495 ==> 7919 
358916026032537 ==> 7919 
358916026032479 ==> 7919 
358916026032339 ==> 7919 
358916026030879 ==> 7919 
358916026030010 ==> 7919 
358916026030853 ==> 7919 
358916026032313 ==> 7919 
866423020939176 ==> 7920 
866423020938996 ==> 7920 
866423020939655 ==> 7920 
866423020938814 ==> 7920 
866423020938913 ==> 7920 
866423020940091 ==> 7920 
866423020939036 ==> 7920 
866423020938830 ==> 7920 
866423020938491 ==> 7920 
866423020938731 ==> 7920 
866423020941990 ==> 7920 
866423020955974 ==> 7920 
866423020953714 ==> 7920 
866423020955818 ==> 7920 
866423020956055 ==> 7920 
866423020956014 ==> 7920 
866423020941396 ==> 7920 
866423020955933 ==> 7920 
866423020956618 ==> 7920 
866423020955032 ==> 7920 
866423020941032 ==> 7920 
866423020955776 ==> 7920 
866423020941339 ==> 7920 
866423020941313 ==> 7920 
866423020959299 ==> 7920 
866423020939457 ==> 7920 
866423020941156 ==> 7920 
866423020941057 ==> 7920 
866423020941172 ==> 7920 
866423020941131 ==> 7920 
866423020938038 ==> 7920 
866423020959992 ==> 7920 
866423020938137 ==> 7920 
866423020953235 ==> 7920 
866423020960016 ==> 7920 
866423020939994 ==> 7920 
866423020954035 ==> 7920 
866423020957376 ==> 7920 
866423020938152 ==> 7920 
866423020940497 ==> 7920 
866423020937758 ==> 7920 
866423020958754 ==> 7920 
866423020941933 ==> 7920 
866423020957418 ==> 7920 
866423020941917 ==> 7920 
866423020942196 ==> 7920 
866423020938012 ==> 7920 
866423020937733 ==> 7920 
866423020937717 ==> 7920 
866423020937618 ==> 7920 
866423020938350 ==> 7920 
866423020937212 ==> 7920 
866423020941693 ==> 7920 
866423020942097 ==> 7920 
866423020937899 ==> 7920 
866423020937774 ==> 7920 
866423020937337 ==> 7920 
866423020939853 ==> 7920 
866423020937790 ==> 7920 
866423020940257 ==> 7920 
866423020940810 ==> 7920 
866423020940455 ==> 7920 
866423020939697 ==> 7920 
866423020939671 ==> 7920 
866423020939499 ==> 7920 
866423020940976 ==> 7920 
866423020940778 ==> 7920 
866423020940539 ==> 7920 
866423020939051 ==> 7920 
866423020940919 ==> 7920 
866423020938293 ==> 7920 
866423020959471 ==> 7920 
866423020957038 ==> 7920 
866423020953557 ==> 7920 
866423020956774 ==> 7920 
866423020938418 ==> 7920 
866423020938590 ==> 7920 
866423020938251 ==> 7920 
866423020937956 ==> 7920 
866423020938434 ==> 7920 
866423020938194 ==> 7920 
866423020956998 ==> 7920 
866423020958515 ==> 7920 
866423020959877 ==> 7920 
866423020959430 ==> 7920 
866423020940315 ==> 7920 
866423020956659 ==> 7920 
866423020937816 ==> 7920 
866423020959737 ==> 7920 
866423020946312 ==> 7920 
866423020940471 ==> 7920 
866423020957277 ==> 7920 
866423020957350 ==> 7920 
866423020958655 ==> 7920 
866423020960032 ==> 7920 
866423020957194 ==> 7920 
866423020956857 ==> 7920 
866423020956576 ==> 7920 
866423020939416 ==> 7920 
866423020940018 ==> 7920 
866423020940893 ==> 7920 
866423020957871 ==> 7920 
866423020957913 ==> 7920 
866423020958937 ==> 7920 
866423020959919 ==> 7920 
866423020959398 ==> 7920 
866423020959836 ==> 7920 
866423020958192 ==> 7920 
866423020956816 ==> 7920 
866423020940992 ==> 7920 
866423020941214 ==> 7920 
866423020953375 ==> 7920 
866423020953250 ==> 7920 
866423020954357 ==> 7920 
866423020953292 ==> 7920 
866423020952898 ==> 7920 
866423020943715 ==> 7920 
866423020953417 ==> 7920 
866423020955917 ==> 7920 
866423020939150 ==> 7920 
866423020941974 ==> 7920 
866423020954431 ==> 7920 
866423020956097 ==> 7920 
866423020945033 ==> 7920 
866423020941578 ==> 7920 
866423020953938 ==> 7920 
866423020955099 ==> 7920 
866423020954456 ==> 7920 
866423020955230 ==> 7920 
866423020955339 ==> 7920 
866423020966898 ==> 7920 
866423020968498 ==> 7920 
866423020971435 ==> 7920 
866423020966039 ==> 7920 
866423020967771 ==> 7920 
866423020969876 ==> 7920 
866423020971393 ==> 7920 
866423020969512 ==> 7920 
866423020967896 ==> 7920 
866423020969934 ==> 7920 
866423020973712 ==> 7920 
866423020974173 ==> 7920 
866423020972730 ==> 7920 
866423020974579 ==> 7920 
866423020974355 ==> 7920 
866423020975097 ==> 7920 
866423020974991 ==> 7920 
866423020972896 ==> 7920 
866423020972755 ==> 7920 
866423020972557 ==> 7920 
866423020935398 ==> 7920 
866423020918212 ==> 7920 
866423020918113 ==> 7920 
866423020918154 ==> 7920 
866423020935174 ==> 7920 
866423020917958 ==> 7920 
866423020918097 ==> 7920 
866423020935257 ==> 7920 
866423020918279 ==> 7920 
866423020935315 ==> 7920 
866423020920713 ==> 7920 
866423020920515 ==> 7920 
866423020920390 ==> 7920 
866423020920879 ==> 7920 
866423020921034 ==> 7920 
866423020918311 ==> 7920 
866423020920911 ==> 7920 
866423020920754 ==> 7920 
866423020920655 ==> 7920 
866423020920978 ==> 7920 
866423020933294 ==> 7920 
866423020933310 ==> 7920 
866423020933534 ==> 7920 
866423020937279 ==> 7920 
866423020933575 ==> 7920 
866423020937519 ==> 7920 
866423020933278 ==> 7920 
866423020933377 ==> 7920 
866423020933518 ==> 7920 
866423020937410 ==> 7920 
866423020933757 ==> 7920 
866423020933435 ==> 7920 
866423020933351 ==> 7920 
866423020933898 ==> 7920 
866423020933419 ==> 7920 
866423020933450 ==> 7920 
866423020933716 ==> 7920 
866423020933799 ==> 7920 
866423020933393 ==> 7920 
866423020933955 ==> 7920 
866423020936958 ==> 7920 
866423020937071 ==> 7920 
866423020934953 ==> 7920 
866423020935653 ==> 7920 
866423020936834 ==> 7920 
866423020933336 ==> 7920 
866423020936776 ==> 7920 
866423020936693 ==> 7920 
866423020937097 ==> 7920 
866423020936792 ==> 7920 
865966028799670 ==> 7921 
865966028800411 ==> 7921 
865966028799936 ==> 7921 
865966028800676 ==> 7921 
865966028799951 ==> 7921 
865966028799738 ==> 7921 
865966028799993 ==> 7921 
865966028800338 ==> 7921 
865966028800874 ==> 7921 
865966028799779 ==> 7921 
865966028799571 ==> 7921 
865966028798912 ==> 7921 
865966028821854 ==> 7921 
865966028799415 ==> 7921 
865966028798995 ==> 7921 
865966028799597 ==> 7921 
865966028829899 ==> 7921 
865966028799555 ==> 7921 
865966028829535 ==> 7921 
865966028828339 ==> 7921 
865966028798953 ==> 7921 
865966028801070 ==> 7921 
865966028799076 ==> 7921 
865966028800957 ==> 7921 
865966028799472 ==> 7921 
865966028798458 ==> 7921 
865966028800858 ==> 7921 
865966028800114 ==> 7921 
865966028795793 ==> 7921 
865966028800817 ==> 7921 
865966028798219 ==> 7921 
865966028798938 ==> 7921 
865966028798896 ==> 7921 
865966028798250 ==> 7921 
865966028798714 ==> 7921 
865966028798334 ==> 7921 
865966028798177 ==> 7921 
865966028797419 ==> 7921 
865966028798631 ==> 7921 
865966028798292 ==> 7921 
865966028799456 ==> 7921 
865966028801096 ==> 7921 
865966028799498 ==> 7921 
865966028799217 ==> 7921 
865966028799878 ==> 7921 
865966028799811 ==> 7921 
865966028792170 ==> 7921 
865966028793319 ==> 7921 
865966028799514 ==> 7921 
865966028801211 ==> 7921 
865966028798730 ==> 7921 
865966028793293 ==> 7921 
865966028800536 ==> 7921 
865966028795777 ==> 7921 
865966028794416 ==> 7921 
865966028799019 ==> 7921 
865966028797070 ==> 7921 
865966028799795 ==> 7921 
865966028800791 ==> 7921 
865966028795371 ==> 7921 
865966028791255 ==> 7921 
865966028792931 ==> 7921 
865966028792857 ==> 7921 
865966028791974 ==> 7921 
865966028791792 ==> 7921 
865966028792691 ==> 7921 
865966028794556 ==> 7921 
865966028791230 ==> 7921 
865966028792733 ==> 7921 
865966028791438 ==> 7921 
865966028801153 ==> 7921 
865966028801054 ==> 7921 
865966028801112 ==> 7921 
865966028801138 ==> 7921 
865966028801195 ==> 7921 
865966028794879 ==> 7921 
865966028801179 ==> 7921 
865966028800932 ==> 7921 
865966028794838 ==> 7921 
865966028791396 ==> 7921 
865966028793053 ==> 7921 
865966028791651 ==> 7921 
865966028791677 ==> 7921 
865966028798235 ==> 7921 
865966028798490 ==> 7921 
865966028798433 ==> 7921 
865966028798417 ==> 7921 
865966028794671 ==> 7921 
865966028798375 ==> 7921 
865966028791735 ==> 7921 
865966028829436 ==> 7921 
865966028799894 ==> 7921 
865966028829097 ==> 7921 
865966028829212 ==> 7921 
865966028828156 ==> 7921 
865966028828370 ==> 7921 
865966028828776 ==> 7921 
865966028827430 ==> 7921 
865966028828636 ==> 7921 
865966028827836 ==> 7921 
865966028823579 ==> 7921 
865966028830053 ==> 7921 
865966028828271 ==> 7921 
865966028800213 ==> 7921 
865966028829717 ==> 7921 
865966028829295 ==> 7921 
865966028828594 ==> 7921 
865966028829733 ==> 7921 
865966028830376 ==> 7921 
865966028830038 ==> 7921 
865966028825533 ==> 7921 
865966028827091 ==> 7921 
865966028823637 ==> 7921 
865966028819890 ==> 7921 
865966028827158 ==> 7921 
865966028824312 ==> 7921 
865966028824353 ==> 7921 
865966028825319 ==> 7921 
865966028825251 ==> 7921 
865966028823959 ==> 7921 
865966028827539 ==> 7921 
865966028824890 ==> 7921 
865966028827794 ==> 7921 
865966028827570 ==> 7921 
865966028821631 ==> 7921 
865966028824759 ==> 7921 
865966028823090 ==> 7921 
865966028829691 ==> 7921 
865966028828677 ==> 7921 
865966028827638 ==> 7921 
865966028820674 ==> 7921 
865966028828719 ==> 7921 
865966028821433 ==> 7921 
865966028820377 ==> 7921 
865966028829956 ==> 7921 
865966028820591 ==> 7921 
865966028820096 ==> 7921 
865966028799159 ==> 7921 
865966028819932 ==> 7921 
865966028791917 ==> 7921 
865966028819379 ==> 7921 
865966028819635 ==> 7921 
865966028819270 ==> 7921 
865966028819296 ==> 7921 
865966028819338 ==> 7921 
865966028820013 ==> 7921 
865966028819775 ==> 7921 
865966028819510 ==> 7921 
865966028819973 ==> 7921 
865966028819692 ==> 7921 
865966028792717 ==> 7921 
865966028793251 ==> 7921 
865966028791594 ==> 7921 
865966028830418 ==> 7921 
865966028830814 ==> 7921 
865966028830079 ==> 7921 
865966028792519 ==> 7921 
865966028827232 ==> 7921 
865966028792675 ==> 7921 
865966028822035 ==> 7921 
865966028824817 ==> 7921 
865966028820955 ==> 7921 
865966028824650 ==> 7921 
865966028823173 ==> 7921 
865966028823835 ==> 7921 
865966028823256 ==> 7921 
865966028824114 ==> 7921 
865966028829758 ==> 7921 
865966028820336 ==> 7921 
865966028793079 ==> 7921 
865966028791313 ==> 7921 
865966028791818 ==> 7921 
865966028793590 ==> 7921 
865966028821953 ==> 7921 
865966028824593 ==> 7921 
865966028794812 ==> 7921 
865966028824478 ==> 7921 
865966028792071 ==> 7921 
865966028824536 ==> 7921 
865966028800551 ==> 7921 
865966028821375 ==> 7921 
865966028820971 ==> 7921 
865966028821532 ==> 7921 
865966028821797 ==> 7921 
865966028821094 ==> 7921 
865966028820815 ==> 7921 
865966028821219 ==> 7921 
865966028821698 ==> 7921 
865966028821896 ==> 7921 
865966028824171 ==> 7921 
865966028821292 ==> 7921 
865966028820633 ==> 7921 
865966028821037 ==> 7921 
865966028820732 ==> 7921 
865966028800254 ==> 7921 
865966028820773 ==> 7921 
865966028791495 ==> 7921 
865966028799092 ==> 7921 
865966028820294 ==> 7921 
865966028793137 ==> 7921 
865966028819312 ==> 7922 
865966028829071 ==> 7922 
865966028820757 ==> 7922 
865966028828735 ==> 7922 
865966028819759 ==> 7922 
865966028819916 ==> 7922 
865966028820351 ==> 7922 
865966028825178 ==> 7922 
865966028820310 ==> 7922 
865966028820393 ==> 7922 
865966028828313 ==> 7922 
865966028819676 ==> 7922 
865966028821615 ==> 7922 
865966028821391 ==> 7922 
865966028819114 ==> 7922 
865966028827596 ==> 7922 
865966028819130 ==> 7922 
865966028820690 ==> 7922 
865966028820237 ==> 7922 
865966028819072 ==> 7922 
865966028826093 ==> 7922 
865966028827299 ==> 7922 
865966028827257 ==> 7922 
865966028825715 ==> 7922 
865966028826713 ==> 7922 
865966028826176 ==> 7922 
865966028827554 ==> 7922 
865966028825756 ==> 7922 
865966028826671 ==> 7922 
865966028828974 ==> 7922 
865966028820575 ==> 7922 
865966028828875 ==> 7922 
865966028820476 ==> 7922 
865966028821912 ==> 7922 
865966028826853 ==> 7922 
865966028825897 ==> 7922 
865966028823918 ==> 7922 
865966028819254 ==> 7922 
865966028819791 ==> 7922 
865966028819494 ==> 7922 
865966028819395 ==> 7922 
865966028829634 ==> 7922 
865966028827513 ==> 7922 
865966028829196 ==> 7922 
865966028827612 ==> 7922 
865966028828792 ==> 7922 
865966028827190 ==> 7922 
865966028825137 ==> 7922 
865966028819353 ==> 7922 
865966028825673 ==> 7922 
865966028825491 ==> 7922 
865966028826374 ==> 7922 
865966028827497 ==> 7922 
865966028824437 ==> 7922 
865966028825558 ==> 7922 
865966028824577 ==> 7922 
865966028826333 ==> 7922 
865966028824494 ==> 7922 
865966028825814 ==> 7922 
865966028824379 ==> 7922 
865966028826473 ==> 7922 
865966028825293 ==> 7922 
865966028824072 ==> 7922 
865966028826390 ==> 7922 
865966028825350 ==> 7922 
865966028822191 ==> 7922 
865966028826291 ==> 7922 
865966028827356 ==> 7922 
865966028824510 ==> 7922 
865966028822910 ==> 7922 
865966028830855 ==> 7922 
865966028829451 ==> 7922 
865966028828131 ==> 7922 
865966028829550 ==> 7922 
865966028830236 ==> 7922 
865966028815633 ==> 7922 
865966028830517 ==> 7922 
865966028815393 ==> 7922 
865966028829519 ==> 7922 
865966028830897 ==> 7922 
865966028823355 ==> 7922 
865966028824338 ==> 7922 
865966028823298 ==> 7922 
865966028820831 ==> 7922 
865966028823413 ==> 7922 
865966028820112 ==> 7922 
865966028823595 ==> 7922 
865966028823470 ==> 7922 
865966028824031 ==> 7922 
865966028823892 ==> 7922 
865966028821979 ==> 7922 
865966028827075 ==> 7922 
865966028828834 ==> 7922 
865966028828297 ==> 7922 
865966028815856 ==> 7922 
865966028828099 ==> 7922 
865966028826614 ==> 7922 
865966028828172 ==> 7922 
865966028831077 ==> 7922 
865966028828016 ==> 7922 
865966028820898 ==> 7922 
865966028821839 ==> 7922 
865966028821714 ==> 7922 
865966028821573 ==> 7922 
865966028819411 ==> 7922 
865966028815492 ==> 7922 
865966028822670 ==> 7922 
865966028828396 ==> 7922 
865966028821516 ==> 7922 
865966028815559 ==> 7922 
865966028823736 ==> 7922 
865966028822639 ==> 7922 
865966028830491 ==> 7922 
865966028821755 ==> 7922 
865966028830574 ==> 7922 
865966028819577 ==> 7922 
865966028830657 ==> 7922 
865966028824619 ==> 7922 
865966028822753 ==> 7922 
865966028830137 ==> 7922 
865966028829493 ==> 7922 
865966028815252 ==> 7922 
865966028815336 ==> 7922 
865966028824916 ==> 7922 
865966028830293 ==> 7922 
865966028815591 ==> 7922 
865966028825095 ==> 7922 
865966028824874 ==> 7922 
865966028825079 ==> 7922 
865966028815070 ==> 7922 
865966028824734 ==> 7922 
865966028822332 ==> 7922 
865966028825871 ==> 7922 
865966028818710 ==> 7922 
865966028824015 ==> 7922 
865966028827331 ==> 7922 
865966028821730 ==> 7922 
865966028826010 ==> 7922 
865966028825830 ==> 7922 
865966028824452 ==> 7922 
865966028824551 ==> 7922 
865966028825913 ==> 7922 
865966028826879 ==> 7922 
865966028825590 ==> 7922 
865966028825475 ==> 7922 
865966028826317 ==> 7922 
865966028824213 ==> 7922 
865966028821771 ==> 7922 
865966028826531 ==> 7922 
865966028824791 ==> 7922 
865966028816938 ==> 7922 
865966028825632 ==> 7922 
865966028822878 ==> 7922 
865966028823272 ==> 7922 
865966028821938 ==> 7922 
865966028827711 ==> 7922 
865966028821557 ==> 7922 
865966028826655 ==> 7922 
865966028817415 ==> 7922 
865966028814511 ==> 7922 
865966028830459 ==> 7922 
865966028830350 ==> 7922 
865966028826416 ==> 7922 
865966028830673 ==> 7922 
865966028825152 ==> 7922 
865966028830699 ==> 7922 
865966028826911 ==> 7922 
865966028830616 ==> 7922 
865966028827778 ==> 7922 
865966028824973 ==> 7922 
865966028827976 ==> 7922 
865966028828438 ==> 7922 
865966028827737 ==> 7922 
865966028816953 ==> 7922 
865966028823157 ==> 7922 
865966028826812 ==> 7922 
865966028824833 ==> 7922 
865966028817191 ==> 7922 
865966028824775 ==> 7922 
865966028816870 ==> 7922 
865966028823850 ==> 7922 
865966028823397 ==> 7922 
865966028828958 ==> 7922 
865966028823611 ==> 7922 
865966028828479 ==> 7922 
865966028825970 ==> 7922 
865966028826358 ==> 7922 
865966028823793 ==> 7922 
865966028827315 ==> 7922 
865966028824155 ==> 7922 
865966028824957 ==> 7922 
865966028825012 ==> 7922 
865966028827950 ==> 7922 
865966028825517 ==> 7922 
865966028828057 ==> 7922 
865966028827893 ==> 7922 
865966028821813 ==> 7922 
865966028826150 ==> 7922 
865966028828354 ==> 7922 
865966028826739 ==> 7922 
